2025-09-11 09:55:09 [INFO] Database initialized successfully.
2025-09-11 10:09:27 [INFO] Project added: ebsite Redesign
2025-09-11 10:10:44 [INFO] Project added: Marketing Campaign
2025-09-11 10:11:45 [INFO] Project added: Server Migration
2025-09-11 10:12:58 [INFO] Listed all projects.
2025-09-11 10:15:31 [INFO] Project 3 updated.
2025-09-11 10:31:08 [INFO] Database initialized successfully.
2025-09-11 10:31:12 [INFO] Listed all projects.
2025-09-11 10:32:30 [INFO] Listed all projects.
2025-09-11 10:32:30 [INFO] Projects exported to projects_export.csv
2025-09-11 10:33:02 [INFO] Listed all projects.
2025-09-16 20:43:22 [INFO] Database initialized successfully.
2025-09-16 20:53:37 [INFO] Project added: 1
2025-09-16 20:55:56 [INFO] Database initialized successfully.
2025-09-16 21:01:02 [INFO] Project added: Build Portfolio Website
2025-09-16 21:01:05 [INFO] Listed all projects.
2025-09-16 21:03:10 [INFO] Listed all projects.
2025-09-16 21:04:05 [INFO] Project 5 deleted.
2025-09-16 21:04:08 [INFO] Listed all projects.
2025-09-16 21:06:11 [INFO] Database initialized successfully.
2025-09-16 21:11:07 [INFO] Database initialized successfully.
2025-09-16 21:11:58 [INFO] Project added: Build Portfolio Website
2025-09-16 21:12:02 [INFO] Listed all projects.
2025-09-16 21:12:10 [INFO] Listed all projects.
2025-09-16 21:16:40 [INFO] Project 6 deleted.
2025-09-16 21:18:55 [INFO] Database initialized successfully.
2025-09-16 21:20:05 [INFO] Project added: Build Portfolio Website
2025-09-16 21:20:08 [INFO] Listed all projects.
2025-09-16 21:23:48 [INFO] Project 7 deleted.
2025-09-16 21:24:24 [INFO] Database initialized successfully.
2025-09-16 21:25:33 [INFO] Project added: Build Portfolio Website
2025-09-16 21:25:36 [INFO] Listed all projects.
